<?xml version="1.0" encoding="UTF-8"?>
<!-- Generated by org.testng.reporters.JUnitReportReporter -->
<testsuite hostname="ASHIKULs-MBP" failures="0" tests="4" name="com.qa.opencart.tests.LoginPageTest" time="4.475" errors="0" timestamp="2023-07-25T01:00:39 EDT" skipped="0">
  <testcase classname="com.qa.opencart.tests.LoginPageTest" name="loginPageTest" time="0.219"/>
  <system-out/>
  <testcase classname="com.qa.opencart.tests.LoginPageTest" name="loginPageURLTest" time="0.015"/>
  <system-out/>
  <testcase classname="com.qa.opencart.tests.LoginPageTest" name="isFOrgotPwdLinkExistTest" time="0.674"/>
  <system-out/>
  <testcase classname="com.qa.opencart.tests.LoginPageTest" name="loginTest" time="3.567"/>
  <system-out/>
</testsuite> <!-- com.qa.opencart.tests.LoginPageTest -->
